\BOOKMARK [0][-]{chapter*.2}{24 August 2016}{}% 1
\BOOKMARK [1][-]{experiment.1.1}{Introduction to the Social Robot}{chapter*.2}% 2
\BOOKMARK [1][-]{experiment.1.2}{Gestures}{chapter*.2}% 3
\BOOKMARK [0][-]{chapter*.4}{29 August 2016}{}% 4
\BOOKMARK [1][-]{experiment.2.1}{Team to Team Collaboration}{chapter*.4}% 5
\BOOKMARK [0][-]{chapter*.6}{31 August 2016}{}% 6
\BOOKMARK [1][-]{experiment.3.1}{Introduction to 3D printing}{chapter*.6}% 7
\BOOKMARK [1][-]{experiment.3.2}{Started printing the parts}{chapter*.6}% 8
\BOOKMARK [0][-]{chapter*.8}{7 September 2016}{}% 9
\BOOKMARK [1][-]{experiment.4.1}{Removing the support material}{chapter*.8}% 10
\BOOKMARK [0][-]{chapter*.9}{12,14 September 2016}{}% 11
\BOOKMARK [1][-]{experiment.5.1}{Drilling of neck joint}{chapter*.9}% 12
\BOOKMARK [1][-]{experiment.5.2}{Filing and cleaning and drilling}{chapter*.9}% 13
\BOOKMARK [0][-]{chapter*.12}{19 September 2016}{}% 14
\BOOKMARK [1][-]{experiment.6.1}{Fitting of servo motors in base}{chapter*.12}% 15
\BOOKMARK [1][-]{experiment.6.2}{Fitting of servo motors in head}{chapter*.12}% 16
\BOOKMARK [0][-]{chapter*.14}{21 September 2016}{}% 17
\BOOKMARK [1][-]{experiment.7.1}{Cleaning the Eye Mechanism}{chapter*.14}% 18
\BOOKMARK [1][-]{experiment.7.2}{Inserting the servo motors}{chapter*.14}% 19
\BOOKMARK [0][-]{chapter*.15}{26, 28 September 2016}{}% 20
\BOOKMARK [1][-]{experiment.8.1}{Drilling the eyeball}{chapter*.15}% 21
\BOOKMARK [1][-]{experiment.8.2}{Connecting the eyelids}{chapter*.15}% 22
\BOOKMARK [1][-]{experiment.8.3}{Connecting the U joint}{chapter*.15}% 23
\BOOKMARK [0][-]{chapter*.16}{3 October 2016}{}% 24
\BOOKMARK [1][-]{experiment.9.1}{Discussion about Design}{chapter*.16}% 25
\BOOKMARK [0][-]{chapter*.17}{5 October 2016}{}% 26
\BOOKMARK [1][-]{experiment.10.1}{Started Gluing the parts}{chapter*.17}% 27
\BOOKMARK [0][-]{chapter*.19}{17-26 October 2016}{}% 28
\BOOKMARK [1][-]{experiment.11.1}{PSOC Controller and Assembly}{chapter*.19}% 29
\BOOKMARK [0][-]{chapter*.21}{31 October 2016}{}% 30
\BOOKMARK [1][-]{experiment.12.1}{Use Case Tool}{chapter*.21}% 31
\BOOKMARK [0][-]{chapter*.22}{2 November 2016}{}% 32
\BOOKMARK [1][-]{experiment.13.1}{Simulator Experiment - 1}{chapter*.22}% 33
\BOOKMARK [1][-]{experiment.13.2}{Simulator Experiment - 2}{chapter*.22}% 34
\BOOKMARK [0][-]{chapter*.24}{7,9 November 2016}{}% 35
\BOOKMARK [1][-]{experiment.14.1}{Wiring of the robot}{chapter*.24}% 36
\BOOKMARK [1][-]{experiment.14.2}{Connecting the wires}{chapter*.24}% 37
\BOOKMARK [1][-]{experiment.14.3}{Robot moved for the first time}{chapter*.24}% 38
\BOOKMARK [0][-]{chapter*.28}{14-30 November 2016}{}% 39
\BOOKMARK [1][-]{experiment.15.1}{Class Instructions on Topic Demo}{chapter*.28}% 40
\BOOKMARK [1][-]{experiment.15.2}{Topic Demos}{chapter*.28}% 41
\BOOKMARK [0][-]{chapter*.29}{4 December 2016}{}% 42
\BOOKMARK [1][-]{experiment.16.1}{Completing the robot and expressions}{chapter*.29}% 43
